  camera.cpp
C:\Users\student\Desktop\3Dチーム制作\3DGameTeam\main\camera.cpp(38,27): warning C4244: '=': 'float' から 'DWORD' への変換です。データが失われる可能性があります。
C:\Users\student\Desktop\3Dチーム制作\3DGameTeam\main\camera.cpp(39,27): warning C4244: '=': 'float' から 'DWORD' への変換です。データが失われる可能性があります。
C:\Users\student\Desktop\3Dチーム制作\3DGameTeam\main\camera.cpp(40,31): warning C4244: '=': 'float' から 'DWORD' への変換です。データが失われる可能性があります。
C:\Users\student\Desktop\3Dチーム制作\3DGameTeam\main\camera.cpp(41,32): warning C4244: '=': 'float' から 'DWORD' への変換です。データが失われる可能性があります。
C:\Users\student\Desktop\3Dチーム制作\3DGameTeam\main\camera.cpp(46,27): warning C4244: '=': 'float' から 'DWORD' への変換です。データが失われる可能性があります。
C:\Users\student\Desktop\3Dチーム制作\3DGameTeam\main\camera.cpp(47,27): warning C4244: '=': 'float' から 'DWORD' への変換です。データが失われる可能性があります。
C:\Users\student\Desktop\3Dチーム制作\3DGameTeam\main\camera.cpp(48,31): warning C4244: '=': 'float' から 'DWORD' への変換です。データが失われる可能性があります。
C:\Users\student\Desktop\3Dチーム制作\3DGameTeam\main\camera.cpp(49,32): warning C4244: '=': 'float' から 'DWORD' への変換です。データが失われる可能性があります。
C:\Users\student\Desktop\3Dチーム制作\3DGameTeam\main\camera.cpp(54,27): warning C4244: '=': 'float' から 'DWORD' への変換です。データが失われる可能性があります。
C:\Users\student\Desktop\3Dチーム制作\3DGameTeam\main\camera.cpp(55,27): warning C4244: '=': 'float' から 'DWORD' への変換です。データが失われる可能性があります。
C:\Users\student\Desktop\3Dチーム制作\3DGameTeam\main\camera.cpp(56,31): warning C4244: '=': 'float' から 'DWORD' への変換です。データが失われる可能性があります。
C:\Users\student\Desktop\3Dチーム制作\3DGameTeam\main\camera.cpp(57,32): warning C4244: '=': 'float' から 'DWORD' への変換です。データが失われる可能性があります。
C:\Users\student\Desktop\3Dチーム制作\3DGameTeam\main\camera.cpp(81,66): warning C4244: '=': 'LONG' から 'float' への変換です。データが失われる可能性があります。
C:\Users\student\Desktop\3Dチーム制作\3DGameTeam\main\camera.cpp(82,66): warning C4244: '=': 'LONG' から 'float' への変換です。データが失われる可能性があります。
C:\Users\student\Desktop\3Dチーム制作\3DGameTeam\main\camera.cpp(101,50): warning C4244: '引数': 'double' から 'int' への変換です。データが失われる可能性があります。
C:\Users\student\Desktop\3Dチーム制作\3DGameTeam\main\camera.cpp(101,29): warning C4244: '引数': 'double' から 'int' への変換です。データが失われる可能性があります。
C:\Users\student\Desktop\3Dチーム制作\3DGameTeam\main\camera.cpp(103,55): warning C4244: '=': 'double' から 'LONG' への変換です。データが失われる可能性があります。
C:\Users\student\Desktop\3Dチーム制作\3DGameTeam\main\camera.cpp(104,56): warning C4244: '=': 'double' から 'LONG' への変換です。データが失われる可能性があります。
  fade.cpp
  game.cpp
  input.cpp
  light.cpp
  main.cpp
  meshfield.cpp
  meshwall.cpp
  model.cpp
  motion.cpp
C:\Users\student\Desktop\3Dチーム制作\3DGameTeam\main\motion.cpp(293,79): error C2039: 'posFirst': 'Model' のメンバーではありません
C:\Users\student\Desktop\3Dチーム制作\3DGameTeam\main\model.h(8): message : 'Model' の宣言を確認してください
C:\Users\student\Desktop\3Dチーム制作\3DGameTeam\main\motion.cpp(293,352): error C2065: 'pSlow': 定義されていない識別子です。
C:\Users\student\Desktop\3Dチーム制作\3DGameTeam\main\motion.cpp(294,79): error C2039: 'posFirst': 'Model' のメンバーではありません
C:\Users\student\Desktop\3Dチーム制作\3DGameTeam\main\model.h(8): message : 'Model' の宣言を確認してください
C:\Users\student\Desktop\3Dチーム制作\3DGameTeam\main\motion.cpp(294,352): error C2065: 'pSlow': 定義されていない識別子です。
C:\Users\student\Desktop\3Dチーム制作\3DGameTeam\main\motion.cpp(295,79): error C2039: 'posFirst': 'Model' のメンバーではありません
C:\Users\student\Desktop\3Dチーム制作\3DGameTeam\main\model.h(8): message : 'Model' の宣言を確認してください
C:\Users\student\Desktop\3Dチーム制作\3DGameTeam\main\motion.cpp(295,352): error C2065: 'pSlow': 定義されていない識別子です。
C:\Users\student\Desktop\3Dチーム制作\3DGameTeam\main\motion.cpp(298,79): error C2039: 'rotFirst': 'Model' のメンバーではありません
C:\Users\student\Desktop\3Dチーム制作\3DGameTeam\main\model.h(8): message : 'Model' の宣言を確認してください
C:\Users\student\Desktop\3Dチーム制作\3DGameTeam\main\motion.cpp(298,352): error C2065: 'pSlow': 定義されていない識別子です。
C:\Users\student\Desktop\3Dチーム制作\3DGameTeam\main\motion.cpp(299,79): error C2039: 'rotFirst': 'Model' のメンバーではありません
C:\Users\student\Desktop\3Dチーム制作\3DGameTeam\main\model.h(8): message : 'Model' の宣言を確認してください
C:\Users\student\Desktop\3Dチーム制作\3DGameTeam\main\motion.cpp(299,352): error C2065: 'pSlow': 定義されていない識別子です。
C:\Users\student\Desktop\3Dチーム制作\3DGameTeam\main\motion.cpp(300,79): error C2039: 'rotFirst': 'Model' のメンバーではありません
C:\Users\student\Desktop\3Dチーム制作\3DGameTeam\main\model.h(8): message : 'Model' の宣言を確認してください
C:\Users\student\Desktop\3Dチーム制作\3DGameTeam\main\motion.cpp(300,352): error C2065: 'pSlow': 定義されていない識別子です。
C:\Users\student\Desktop\3Dチーム制作\3DGameTeam\main\motion.cpp(322,131): error C2065: 'pSlow': 定義されていない識別子です。
  player.cpp
C:\Users\student\Desktop\3Dチーム制作\3DGameTeam\main\player.cpp(220,16): warning C4101: 'pMat': ローカル変数は 1 度も使われていません。
C:\Users\student\Desktop\3Dチーム制作\3DGameTeam\main\player.cpp(389,8): warning C4101: 'pVtxBuff': ローカル変数は 1 度も使われていません。
C:\Users\student\Desktop\3Dチーム制作\3DGameTeam\main\player.cpp(388,8): warning C4101: 'sizeFVF': ローカル変数は 1 度も使われていません。
C:\Users\student\Desktop\3Dチーム制作\3DGameTeam\main\player.cpp(387,6): warning C4101: 'nNumvtx': ローカル変数は 1 度も使われていません。
C:\Users\student\Desktop\3Dチーム制作\3DGameTeam\main\player.cpp(562,16): warning C4101: 'pMat': ローカル変数は 1 度も使われていません。
C:\Users\student\Desktop\3Dチーム制作\3DGameTeam\main\player.cpp(645,6): warning C4101: 'motomeru': ローカル変数は 1 度も使われていません。
C:\Users\student\Desktop\3Dチーム制作\3DGameTeam\main\player.cpp(644,6): warning C4101: 'sabun': ローカル変数は 1 度も使われていません。
  ranking.cpp
  result.cpp
  score.cpp
  title.cpp
  tutrial.cpp
  コードを生成中...
